<?xml version="1.0" encoding="UTF-8"?>
<!-- Generated by org.testng.reporters.JUnitReportReporter -->
<testsuite hostname="DESKTOP-TJK6BJA" failures="0" tests="1" name="SDET.TERKWAZ.TestHeroKuapp" time="8.020" errors="0" timestamp="2020-11-20T18:16:12 EET" skipped="0">
  <testcase classname="SDET.TERKWAZ.TestHeroKuapp" name="UploadFileConfirmation" time="8.020"/>
  <system-out/>
</testsuite> <!-- SDET.TERKWAZ.TestHeroKuapp -->
